Logare: Utilizatorul Alex s-a logat cu succes
Rezervare: Utilizatorul Alex a realizat o rezervare
Logare_Admin: Administratorul s-a logat cu succes
Rezervare_aprobata: Administratorul a aprobat rezervarea facuta de catre utilizatorul Alex
Logare_Admin: Administratorul s-a logat cu succes
Cazari_Adaugare: Administratorul a adaugat o noua unitate de cazare: La
Logare_Admin: Administratorul s-a logat cu succes
Logare_Admin: Administratorul s-a logat cu succes
Logare_Admin: Administratorul s-a logat cu succes
Logare_Admin: Administratorul s-a logat cu succes
Logare_Admin: Administratorul s-a logat cu succes
Cazari_Adaugare: Administratorul a adaugat o noua unitate de cazare: La Nicu
Logare: Utilizatorul nume_2 s-a logat cu succes
Rezervare: Utilizatorul nume_2 a realizat o rezervare
Logare_Admin: Administratorul s-a logat cu succes
Rezervare_Anulata: Administratorul a anulat rezervarea facuta de utilizatorul nume_2 la unitatea de cazare cu numele La Nicu
Eroare: Nu s-a putut adauga unitatea de cazare
Logare: Utilizatorul nume_1 s-a logat cu succes
Logare: Utilizatorul nume_1 s-a logat cu succes
Logare: Utilizatorul nume_1 s-a logat cu succes
Logare: Utilizatorul John s-a logat cu succes
Alerta: Conectare esuata, username utilizator: nume_1
Logare: Utilizatorul nume_1 s-a logat cu succes
Logare: Utilizatorul nume_1 s-a logat cu succes
Logare: Utilizatorul John s-a logat cu succes
Logare: Utilizatorul John s-a logat cu succes
Logare: Utilizatorul nume_1 s-a logat cu succes
Logare: Utilizatorul John s-a logat cu succes
Logare: Utilizatorul John s-a logat cu succes
Logare: Utilizatorul nume_1 s-a logat cu succes
Logare: Utilizatorul nume_1 s-a logat cu succes
Logare: Utilizatorul nume_1 s-a logat cu succes
Alerta: Conectare esuata, username utilizator: nume_1
Logare: Utilizatorul nume_1 s-a logat cu succes
Logare: Utilizatorul nume_1 s-a logat cu succes
Logare: Utilizatorul nume_1 s-a logat cu succes
Logare: Utilizatorul nume_1 s-a logat cu succes
Logare: Utilizatorul nume_1 s-a logat cu succes
Logare: Utilizatorul nume_1 s-a logat cu succes
Logare: Utilizatorul nume_1 s-a logat cu succes
Logare: Utilizatorul nume_1 s-a logat cu succes
Logare: Utilizatorul nume_1 s-a logat cu succes
Logare: Utilizatorul nume_1 s-a logat cu succes
Logare: Utilizatorul nume_1 s-a logat cu succes
Logare: Utilizatorul nume_1 s-a logat cu succes
Logare: Utilizatorul nume_1 s-a logat cu succes
Logare: Utilizatorul nume_1 s-a logat cu succes
Logare: Utilizatorul mun s-a logat cu succes
Logare: Utilizatorul mun s-a logat cu succes
Logare: Utilizatorul mun s-a logat cu succes
Logare: Utilizatorul mun s-a logat cu succes
Logare: Utilizatorul mun s-a logat cu succes
Logare: Utilizatorul nume_1 s-a logat cu succes
Logare: Utilizatorul mun s-a logat cu succes
Logare: Utilizatorul mun s-a logat cu succes
Logare: Utilizatorul mun s-a logat cu succes
Logare: Utilizatorul mun s-a logat cu succes
Alerta: Conectare esuata, username utilizator: m
Logare: Utilizatorul mun s-a logat cu succes
Logare: Utilizatorul mun s-a logat cu succes
Logare: Utilizatorul mun s-a logat cu succes
Logare: Utilizatorul mun s-a logat cu succes
Logare: Utilizatorul mun s-a logat cu succes
Logare: Utilizatorul mun s-a logat cu succes
Logare: Utilizatorul mun s-a logat cu succes
Logare: Utilizatorul mun s-a logat cu succes
Logare: Utilizatorul mun s-a logat cu succes
Logare: Utilizatorul mun s-a logat cu succes
Logare: Utilizatorul mun s-a logat cu succes
Logare: Utilizatorul mun s-a logat cu succes
Logare: Utilizatorul mun s-a logat cu succes
Logare: Utilizatorul mun s-a logat cu succes
Alerta: Conectare esuata, username utilizator: mun
Logare: Utilizatorul mun s-a logat cu succes
Logare: Utilizatorul mun s-a logat cu succes
Logare: Utilizatorul mun s-a logat cu succes
Alerta: Conectare esuata, username utilizator: mun
Logare: Utilizatorul mun s-a logat cu succes
Logare: Utilizatorul mun s-a logat cu succes
Logare: Utilizatorul mun s-a logat cu succes
Logare: Utilizatorul mun s-a logat cu succes
Logare: Utilizatorul mun s-a logat cu succes
Logare: Utilizatorul mun s-a logat cu succes
Logare: Utilizatorul mun s-a logat cu succes
Logare: Utilizatorul mun s-a logat cu succes
Logare: Utilizatorul mun s-a logat cu succes
Logare: Utilizatorul mun s-a logat cu succes
Logare: Utilizatorul mun s-a logat cu succes
Logare: Utilizatorul mun s-a logat cu succes
Logare: Utilizatorul mun s-a logat cu succes
Logare: Utilizatorul mun s-a logat cu succes
Logare: Utilizatorul mun s-a logat cu succes
Logare: Utilizatorul mun s-a logat cu succes
Logare: Utilizatorul mun s-a logat cu succes
Logare: Utilizatorul mun s-a logat cu succes
Logare: Utilizatorul mun s-a logat cu succes
Logare: Utilizatorul mun s-a logat cu succes
Logare: Utilizatorul mun s-a logat cu succes
Logare: Utilizatorul mun s-a logat cu succes
Logare: Utilizatorul mun s-a logat cu succes
Logare: Utilizatorul mun s-a logat cu succes
Logare: Utilizatorul mun s-a logat cu succes
Logare: Utilizatorul mun s-a logat cu succes
Logare: Utilizatorul mun s-a logat cu succes
Logare: Utilizatorul nume_1 s-a logat cu succes
Logare: Utilizatorul nume_1 s-a logat cu succes
Logare: Utilizatorul nume_1 s-a logat cu succes
Logare_Admin: Administratorul s-a logat cu succes
Cazari_Adaugare: Administratorul a adaugat o noua unitate de cazare: Grand Hotel
Logare: Utilizatorul nume_1 s-a logat cu succes
Logare: Utilizatorul nume_1 s-a logat cu succes
Logare_Admin: Administratorul s-a logat cu succes
Cazari_Adaugare: Administratorul a adaugat o noua unitate de cazare: nume
Logare_Admin: Administratorul s-a logat cu succes
Cazari_Adaugare: Administratorul a adaugat o noua unitate de cazare: Hotel
Logare_Admin: Administratorul s-a logat cu succes
Logare_Admin: Administratorul s-a logat cu succes
Cazari_Adaugare: Administratorul a adaugat o noua unitate de cazare: Hotel
Logare_Admin: Administratorul s-a logat cu succes
Cazari_Adaugare: Administratorul a adaugat o noua unitate de cazare: nume
Inregistrare: Utilizatorul Utilizator_Experimentat s-a inregistrat cu succes
Logare: Utilizatorul Utilizator_Experimentat s-a logat cu succes
Rezervare: Utilizatorul Utilizator_Experimentat a realizat o rezervare
Logare: Utilizatorul Utilizator_Experimentat s-a logat cu succes
Eroare_Rezervare: Utilizatorul Utilizator_Experimentat a incercat sa faca aceeasi rezervare de 2 ori
Logare: Utilizatorul Utilizator_Experimentat s-a logat cu succes
Logare: Utilizatorul Utilizator_Experimentat s-a logat cu succes
Eroare_Rezervare: Utilizatorul Utilizator_Experimentat a incercat sa faca aceeasi rezervare de 2 ori
Logare: Utilizatorul Utilizator_Experimentat s-a logat cu succes
Logare: Utilizatorul Utilizator_Experimentat s-a logat cu succes
Logare: Utilizatorul Utilizator_Experimentat s-a logat cu succes
Eroare_Rezervare: Utilizatorul Utilizator_Experimentat a incercat sa faca aceeasi rezervare de 2 ori
Logare: Utilizatorul Utilizator_Experimentat s-a logat cu succes
Logare: Utilizatorul Utilizator_Experimentat s-a logat cu succes
Eroare_Rezervare: Utilizatorul Utilizator_Experimentat a incercat sa faca aceeasi rezervare de 2 ori
Logare: Utilizatorul Utilizator_Experimentat s-a logat cu succes
Logare: Utilizatorul Utilizator_Experimentat s-a logat cu succes
Eroare_Rezervare: Utilizatorul Utilizator_Experimentat a incercat sa faca aceeasi rezervare de 2 ori
Logare: Utilizatorul Utilizator_Experimentat s-a logat cu succes
Logare: Utilizatorul Utilizator_Experimentat s-a logat cu succes
Eroare_Rezervare: Utilizatorul Utilizator_Experimentat a incercat sa faca aceeasi rezervare de 2 ori
Logare: Utilizatorul Utilizator_Experimentat s-a logat cu succes
Alerta: Conectare esuata, username utilizator: Admin_
Logare_Admin: Administratorul s-a logat cu succes
Rezervare_aprobata: Administratorul a aprobat rezervarea facuta de catre utilizatorul Utilizator_Experimentat
Alerta: Conectare esuata, username utilizator: sdfsa
Alerta: Conectare esuata, username utilizator: afsda
Alerta: Conectare esuata, username utilizator: asda
Logare: Utilizatorul nume_1 s-a logat cu succes
Logare: Utilizatorul nume_1 s-a logat cu succes
Logare: Utilizatorul nume_1 s-a logat cu succes
Logare: Utilizatorul nume_1 s-a logat cu succes
Logare: Utilizatorul nume_2 s-a logat cu succes
Logare: Utilizatorul mun s-a logat cu succes
Alerta: Conectare esuata, username utilizator: nume_1
Logare: Utilizatorul nume_1 s-a logat cu succes
Logare: Utilizatorul nume_1 s-a logat cu succes
Logare: Utilizatorul nume_1 s-a logat cu succes
Logare: Utilizatorul nume_1 s-a logat cu succes
Logare: Utilizatorul nume_1 s-a logat cu succes
Logare: Utilizatorul nume_1 s-a logat cu succes
Logare: Utilizatorul nume_1 s-a logat cu succes
Alerta: Conectare esuata, username utilizator: Alef
Logare: Utilizatorul Alex s-a logat cu succes
Logare: Utilizatorul Alex s-a logat cu succes
Logare: Utilizatorul Alex s-a logat cu succes
Alerta: Conectare esuata, username utilizator: asda
Logare: Utilizatorul Alex s-a logat cu succes
Alerta: Conectare esuata, username utilizator: sdfa
Alerta: Conectare esuata, username utilizator: sadf
Logare: Utilizatorul Alex s-a logat cu succes
Alerta: Conectare esuata, username utilizator: sdfas
Logare: Utilizatorul Alex s-a logat cu succes
Logare: Utilizatorul Alex s-a logat cu succes
Alerta: Conectare esuata, username utilizator: nume_1
Logare: Utilizatorul Alex s-a logat cu succes
Alerta: Conectare esuata, username utilizator: nume_1
Alerta: Conectare esuata, username utilizator: asd
Logare: Utilizatorul nume_1 s-a logat cu succes
Logare: Utilizatorul nume_1 s-a logat cu succes
Alerta: Conectare esuata, username utilizator: asdas
Logare: Utilizatorul nume_1 s-a logat cu succes
Alerta: Conectare esuata, username utilizator: Alex
Logare: Utilizatorul Alex s-a logat cu succes
Rezervare: Utilizatorul Alex a realizat o rezervare
Logare_Admin: Administratorul s-a logat cu succes
Rezervare_aprobata: Administratorul a aprobat rezervarea facuta de catre utilizatorul Alex
Logare: Utilizatorul nume_2 s-a logat cu succes
Inregistrare: Utilizatorul Mihai s-a inregistrat cu succes
Logare: Utilizatorul Mihai s-a logat cu succes
Rezervare: Utilizatorul Mihai a realizat o rezervare
Logare_Admin: Administratorul s-a logat cu succes
Rezervare_aprobata: Administratorul a aprobat rezervarea facuta de catre utilizatorul Mihai
Logare: Utilizatorul nume_1 s-a logat cu succes
Logare: Utilizatorul nume_1 s-a logat cu succes
Logare: Utilizatorul nume_1 s-a logat cu succes
Logare: Utilizatorul nume_1 s-a logat cu succes
Alerta: Conectare esuata, username utilizator: nume-1
Logare: Utilizatorul nume_1 s-a logat cu succes
Logare: Utilizatorul nume_1 s-a logat cu succes
Logare: Utilizatorul nume_1 s-a logat cu succes
Logare: Utilizatorul nume_1 s-a logat cu succes
Logare: Utilizatorul nume_1 s-a logat cu succes
Logare: Utilizatorul nume_1 s-a logat cu succes
Alerta: Conectare esuata, username utilizator: nume-1
Alerta: Conectare esuata, username utilizator: nume-1
Logare: Utilizatorul nume_1 s-a logat cu succes
Logare: Utilizatorul nume_1 s-a logat cu succes
Logare: Utilizatorul nume_1 s-a logat cu succes
Logare: Utilizatorul nume_1 s-a logat cu succes
Logare: Utilizatorul nume_1 s-a logat cu succes
Logare: Utilizatorul nume_1 s-a logat cu succes
Logare: Utilizatorul nume_1 s-a logat cu succes
Alerta: Conectare esuata, username utilizator: nume_a
Logare: Utilizatorul nume_1 s-a logat cu succes
Logare: Utilizatorul nume_1 s-a logat cu succes
Logare: Utilizatorul nume_1 s-a logat cu succes
Logare: Utilizatorul nume_1 s-a logat cu succes
Logare: Utilizatorul nume_1 s-a logat cu succes
Logare: Utilizatorul nume_1 s-a logat cu succes
Logare: Utilizatorul nume_1 s-a logat cu succes
Logare: Utilizatorul nume_1 s-a logat cu succes
Logare: Utilizatorul nume_1 s-a logat cu succes
Logare: Utilizatorul nume_1 s-a logat cu succes
Logare: Utilizatorul nume_1 s-a logat cu succes
Logare: Utilizatorul nume_1 s-a logat cu succes
Logare: Utilizatorul nume_1 s-a logat cu succes
Logare: Utilizatorul nume_1 s-a logat cu succes
Logare: Utilizatorul nume_1 s-a logat cu succes
Logare_Admin: Administratorul s-a logat cu succes
Logare_Admin: Administratorul s-a logat cu succes
Logare_Admin: Administratorul s-a logat cu succes
Cazari_Adaugare: Administratorul a adaugat o noua unitate de cazare: TheBest
Logare: Utilizatorul nume_1 s-a logat cu succes
Logare: Utilizatorul nume_1 s-a logat cu succes
Rezervare: Utilizatorul nume_1 a realizat o rezervare
Logare_Admin: Administratorul s-a logat cu succes
Rezervare_Anulata: Administratorul a anulat rezervarea facuta de utilizatorul nume_1 la unitatea de cazare cu numele TheBest
Logare: Utilizatorul nume_1 s-a logat cu succes
Logare: Utilizatorul Mihai s-a logat cu succes
Alerta: Conectare esuata, username utilizator: asd
Alerta: Conectare esuata, username utilizator: dfsaf
Inregistrare: Utilizatorul Ovidiu s-a inregistrat cu succes
Logare: Utilizatorul Ovidiu s-a logat cu succes
Rezervare: Utilizatorul Ovidiu a realizat o rezervare
Alerta: Conectare esuata, username utilizator: Alex
Logare: Utilizatorul nume_3 s-a logat cu succes
Logare: Utilizatorul nume_3 s-a logat cu succes
Logare: Utilizatorul nume_3 s-a logat cu succes
Logare: Utilizatorul nume_3 s-a logat cu succes
Alerta: Conectare esuata, username utilizator: nume_1
Logare: Utilizatorul nume_3 s-a logat cu succes
Logare: Utilizatorul nume_3 s-a logat cu succes
Rezervare: Utilizatorul nume_3 a realizat o rezervare
Logare: Utilizatorul nume_3 s-a logat cu succes
Logare_Admin: Administratorul s-a logat cu succes
Logare_Admin: Administratorul s-a logat cu succes
Logare_Admin: Administratorul s-a logat cu succes
Logare_Admin: Administratorul s-a logat cu succes
Rezervare_aprobata: Administratorul a aprobat rezervarea facuta de catre utilizatorul Ovidiu
Rezervare_aprobata: Administratorul a aprobat rezervarea facuta de catre utilizatorul nume_3
Cazari_Adaugare: Administratorul a adaugat o noua unitate de cazare: Grand Hotel
Logare: Utilizatorul Alex s-a logat cu succes
Rezervare: Utilizatorul Alex a realizat o rezervare
Logare: Utilizatorul Alex s-a logat cu succes
Rezervare: Utilizatorul Alex a realizat o rezervare
Logare_Admin: Administratorul s-a logat cu succes
Rezervare_aprobata: Administratorul a aprobat rezervarea facuta de catre utilizatorul Alex
Rezervare_Anulata: Administratorul a anulat rezervarea facuta de utilizatorul Alex la unitatea de cazare cu numele Grand Hotel
Logare: Utilizatorul nume_3 s-a logat cu succes
Rezervare: Utilizatorul nume_3 a realizat o rezervare
Alerta: Conectare esuata, username utilizator: Administrator
Logare_Admin: Administratorul s-a logat cu succes
Rezervare_Anulata: Administratorul a anulat rezervarea facuta de utilizatorul nume_3 la unitatea de cazare cu numele Grand Hotel
Alerta: Conectare esuata, username utilizator: nume_
Alerta: Conectare esuata, username utilizator: nume-1
Alerta: Conectare esuata, username utilizator: nume_1
Logare: Utilizatorul nume_1 s-a logat cu succes
Rezervare: Utilizatorul nume_1 a realizat o rezervare
Alerta: Conectare esuata, username utilizator: nume-1
Logare: Utilizatorul nume_1 s-a logat cu succes
Rezervare: Utilizatorul nume_1 a realizat o rezervare
Logare_Admin: Administratorul s-a logat cu succes
Rezervare_aprobata: Administratorul a aprobat rezervarea facuta de catre utilizatorul nume_3
Rezervare_Anulata: Administratorul a anulat rezervarea facuta de utilizatorul nume_1 la unitatea de cazare cu numele Grand Hotel
Rezervare_aprobata: Administratorul a aprobat rezervarea facuta de catre utilizatorul nume_1
Alerta: Conectare esuata, username utilizator: nume_1
Logare: Utilizatorul nume_1 s-a logat cu succes
Inregistrare: Utilizatorul Irina s-a inregistrat cu succes
Logare: Utilizatorul Irina s-a logat cu succes
Logare: Utilizatorul nume_1 s-a logat cu succes
Rezervare: Utilizatorul nume_1 a realizat o rezervare
Alerta: Conectare esuata, username utilizator: admin
Logare_Admin: Administratorul s-a logat cu succes
Rezervare_aprobata: Administratorul a aprobat rezervarea facuta de catre utilizatorul nume_1
